2019-11-01 12:36:13,411 - os.name - Windows 10
2019-11-01 12:36:13,411 - os.arch - amd64
2019-11-01 12:36:13,411 - os.version - 10.0
2019-11-01 12:36:13,411 - java.version - 12.0.2
2019-11-01 12:36:13,411 - java.vendor - Oracle Corporation
2019-11-01 12:36:13,411 - java.vendor.url - https://java.oracle.com/
2019-11-01 12:36:13,411 - java.home - C:\Program Files\Java\jdk-12.0.2
2019-11-01 12:36:13,411 - java.vm.specification.name - Java Virtual Machine Specification
2019-11-01 12:36:13,412 - java.vm.specification.vendor - Oracle Corporation
2019-11-01 12:36:13,412 - java.vm.specification.version - 12
2019-11-01 12:36:13,412 - java.class.path - C:\Users\xotjd\eclipse\jee-2019-06\eclipse\\plugins/org.eclipse.equinox.launcher_1.5.400.v20190515-0925.jar
2019-11-01 12:36:13,412 - java.library.path - C:\Users\xotjd\eclipse\jee-2019-06\eclipse;C:\Windows\Sun\Java\bin;C:\Windows\system32;C:\Windows;C:/Program Files/Java/jdk-12.0.2/bin/server;C:/Program Files/Java/jdk-12.0.2/bin;C:\Users\xotjd\Downloads\WINDOWS.X64_193000_db_home\bin;C:\Windows\system32;C:\Windows;C:\Windows\System32\Wbem;C:\Windows\System32\WindowsPowerShell\v1.0\;C:\Windows\System32\OpenSSH\;C:\Users\xotjd\AppData\Local\Android\Sdk\platform-tools;C:\Program Files\Git\cmd;C:\Users\xotjd\AppData\Local\Microsoft\WindowsApps;C:\Program Files\Bandizip\;C:\Program Files\Java\jdk-12.0.2\bin;;C:\Users\xotjd\Desktop;;.
2019-11-01 12:36:13,412 - --------------------------------------
2019-11-01 12:36:13,412 - ## Eclipse Plug-ins Log Information ##
2019-11-01 12:36:13,412 - --------------------------------------
2019-11-01 12:36:13,442 - javax.el - 2.2.0.v201303151357
2019-11-01 12:36:13,444 - javax.servlet - 3.1.0.v201410161800
2019-11-01 12:36:13,445 - javax.servlet.jsp - 2.2.0.v201112011158
2019-11-01 12:36:13,446 - com.sun.el - 2.2.0.v201303151357
2019-11-01 12:36:13,446 - org.apache.commons.logging - 1.2.0.v20180409-1502
2019-11-01 12:36:13,448 - org.apache.jasper.glassfish - 2.2.2.v201501141630
2019-11-01 12:36:13,451 - org.apache.lucene.analyzers-common - 8.0.0.v20190404-1858
2019-11-01 12:36:13,459 - org.apache.lucene.core - 8.0.0.v20190404-1858
2019-11-01 12:36:13,461 - org.apache.lucene.analyzers-smartcn - 8.0.0.v20190404-1858
2019-11-01 12:36:13,462 - org.eclipse.equinox.http.jetty - 3.7.100.v20190516-1504
2019-11-01 12:36:13,462 - org.eclipse.equinox.http.registry - 1.1.700.v20190214-1948
2019-11-01 12:36:13,463 - org.eclipse.equinox.http.servlet - 1.6.100.v20190516-1504
2019-11-01 12:36:13,464 - org.eclipse.equinox.jsp.jasper - 1.1.200.v20190214-1948
2019-11-01 12:36:13,465 - org.eclipse.equinox.jsp.jasper.registry - 1.1.200.v20190214-1948
2019-11-01 12:36:13,465 - org.eclipse.help.base - 4.2.600.v20190605-1800
2019-11-01 12:36:13,465 - org.eclipse.help.ui - 4.1.500.v20190519-2119
2019-11-01 12:36:13,465 - org.eclipse.help.webapp - 3.9.500.v20190517-1202
2019-11-01 12:36:13,466 - org.eclipse.jetty.continuation - 9.4.18.v20190429
2019-11-01 12:36:13,467 - org.eclipse.jetty.http - 9.4.18.v20190429
2019-11-01 12:36:13,468 - org.eclipse.jetty.io - 9.4.18.v20190429
2019-11-01 12:36:13,470 - org.eclipse.jetty.security - 9.4.18.v20190429
2019-11-01 12:36:13,472 - org.eclipse.jetty.server - 9.4.18.v20190429
2019-11-01 12:36:13,474 - org.eclipse.jetty.servlet - 9.4.18.v20190429
2019-11-01 12:36:13,476 - org.eclipse.jetty.util - 9.4.18.v20190429
2019-11-01 12:36:13,476 - org.eclipse.core.net - 1.3.500.v20190519-2354
2019-11-01 12:36:13,476 - org.eclipse.equinox.security - 1.3.200.v20190516-1504
2019-11-01 12:36:13,498 - org.eclipse.wb.os - 1.9.1.201812270937
2019-11-01 12:36:13,499 - org.eclipse.wb.runtime - 1.9.1.201812270937
2019-11-01 12:36:13,503 - org.eclipse.wb.runtime.lib - 1.9.1.201812270937
2019-11-01 12:36:13,503 - org.eclipse.wb.core - 1.10.0.201812270937
2019-11-01 12:36:13,504 - org.eclipse.wb.core.lib - 1.9.1.201812270937
2019-11-01 12:36:13,504 - org.eclipse.wb.os.win32 - 1.9.1.201812270937
2019-11-01 12:36:13,535 - org.eclipse.mylyn.bugzilla.core - 3.24.2.v20180905-0003
2019-11-01 12:36:13,535 - org.eclipse.mylyn.bugzilla.ui - 3.24.2.v20180905-0003
2019-11-01 12:36:13,539 - org.eclipse.andmore.hierarchyviewer - 0.5.1.201701251432
2019-11-01 12:36:13,543 - org.eclipse.sequoyah.device.backward - 2.1.0.N20120718-0509
2019-11-01 12:36:13,543 - org.eclipse.sequoyah.device.framework - 2.1.0.N20120718-0509
2019-11-01 12:36:13,543 - org.eclipse.sequoyah.device.framework.ui - 2.1.0.N20120718-0509
2019-11-01 12:36:13,543 - org.eclipse.sequoyah.device.service.start - 2.1.0.N20120718-0509
2019-11-01 12:36:13,543 - org.eclipse.sequoyah.device.service.stop - 2.1.0.N20120718-0509
2019-11-01 12:36:13,543 - org.eclipse.sequoyah.device.framework.wizard - 2.1.0.N20120718-0509
2019-11-01 12:36:13,596 - org.eclipse.egit.core - 5.4.0.201906121030-r
2019-11-01 12:36:13,596 - org.eclipse.egit.ui - 5.4.0.201906121030-r
2019-11-01 12:36:13,597 - org.eclipse.egit - 5.4.0.201906121030-r
2019-11-01 12:36:13,597 - org.eclipse.egit.doc - 5.4.0.201906121030-r
2019-11-01 12:36:13,630 - org.eclipse.mylyn.tasks.core - 3.24.2.v20180905-0003
2019-11-01 12:36:13,631 - org.eclipse.mylyn.tasks.index.core - 3.24.2.v20180905-0003
2019-11-01 12:36:13,631 - org.eclipse.mylyn.tasks.index.ui - 3.24.2.v20180905-0003
2019-11-01 12:36:13,631 - org.eclipse.mylyn.tasks.search - 3.24.2.v20180905-0003
2019-11-01 12:36:13,631 - org.eclipse.mylyn.tasks.ui - 3.24.2.v20180905-0003
2019-11-01 12:36:13,664 - org.eclipse.gef - 3.11.0.201606061308
2019-11-01 12:36:13,703 - org.eclipse.mylyn.commons.identity.core - 1.16.0.v20180904-2231
2019-11-01 12:36:13,740 - javax.persistence - 2.2.1.v201807122140
2019-11-01 12:36:13,741 - org.eclipse.jpt.jpa.annotate - 1.0.101.v201902121834
2019-11-01 12:36:13,741 - org.eclipse.jpt.jpa.core - 3.5.1.v201902121834
2019-11-01 12:36:13,741 - org.eclipse.jpt.jpa.db - 2.2.201.v201902121834
2019-11-01 12:36:13,742 - org.eclipse.jpt.jpa.db.ui - 2.1.201.v201902121834
2019-11-01 12:36:13,743 - org.eclipse.jpt.jpa.gen - 2.3.201.v201902121834
2019-11-01 12:36:13,743 - org.eclipse.jpt.jpa.ui - 3.4.201.v201902121834
2019-11-01 12:36:13,743 - org.eclipse.jpt.doc.user - 3.2.101.v201902121834
2019-11-01 12:36:13,744 - org.eclipse.persistence.jpa.jpql - 2.7.3.v20180807-4be1041
2019-11-01 12:36:13,745 - org.apache.commons.collections - 3.2.2.v201511171945
2019-11-01 12:36:13,746 - org.apache.commons.lang - 2.6.0.v201404270220
2019-11-01 12:36:13,747 - org.apache.velocity - 1.5.0.v200905192330
2019-11-01 12:36:13,748 - org.jdom - 1.1.1.v201101151400
2019-11-01 12:36:13,748 - org.eclipse.jpt.jpa.branding - 3.4.1.v201902121834
2019-11-01 12:36:13,806 - org.eclipse.oomph.p2 - 1.10.0.v20180706-1242
2019-11-01 12:36:13,806 - org.eclipse.oomph.p2.core - 1.13.0.v20190704-1252
2019-11-01 12:36:13,806 - org.eclipse.oomph.p2.edit - 1.11.0.v20190323-1130
2019-11-01 12:36:13,806 - org.eclipse.oomph.p2.ui - 1.11.0.v20190704-1252
2019-11-01 12:36:13,806 - org.eclipse.oomph.p2.doc - 1.10.0.v20180706-1242
2019-11-01 12:36:13,834 - org.eclipse.tm.terminal.view.core - 4.5.100.201901312304
2019-11-01 12:36:13,834 - org.eclipse.tm.terminal.view.ui - 4.5.100.201901312304
2019-11-01 12:36:13,866 - org.eclipse.emf.codegen.ui - 2.8.0.v20180706-1146
2019-11-01 12:36:13,898 - org.eclipse.datatools.enablement.sqlite - 1.2.101.201811012051
2019-11-01 12:36:13,898 - org.eclipse.datatools.enablement.sqlite.dbdefinition - 1.2.101.201811012051
2019-11-01 12:36:13,898 - org.eclipse.datatools.enablement.sqlite.ui - 1.2.101.201811012051
2019-11-01 12:36:13,898 - org.eclipse.datatools.enablement.finfo - 1.7.101.201811012051
2019-11-01 12:36:13,946 - org.eclipse.mylyn.commons.notifications.core - 1.16.0.v20180904-2231
2019-11-01 12:36:13,947 - org.eclipse.mylyn.commons.notifications.feed - 1.16.0.v20180904-2231
2019-11-01 12:36:13,947 - org.eclipse.mylyn.commons.notifications.ui - 1.16.0.v20180904-2231
2019-11-01 12:36:13,991 - org.eclipse.emf.converter - 2.10.0.v20180706-1146
2019-11-01 12:36:13,991 - org.eclipse.emf.importer - 2.12.0.v20190321-1539
2019-11-01 12:36:13,991 - org.eclipse.emf.exporter - 2.10.0.v20190321-1530
2019-11-01 12:36:13,991 - org.eclipse.emf.importer.ecore - 2.10.0.v20180706-1146
2019-11-01 12:36:13,991 - org.eclipse.emf.importer.java - 2.11.0.v20190418-1022
2019-11-01 12:36:13,992 - org.eclipse.emf.importer.rose - 2.10.0.v20180706-1146
2019-11-01 12:36:14,019 - org.eclipse.datatools.enablement.oda.ws.ui - 1.4.101.201811012051
2019-11-01 12:36:14,019 - org.eclipse.datatools.enablement.oda.xml.ui - 1.4.101.201811012051
2019-11-01 12:36:14,019 - org.eclipse.datatools.connectivity.oda.flatfile.ui - 3.3.101.201811012051
2019-11-01 12:36:14,084 - org.eclipse.datatools.enablement.postgresql.dbdefinition - 1.2.101.201811012051
2019-11-01 12:36:14,084 - org.eclipse.datatools.enablement.postgresql - 1.3.101.201811012051
2019-11-01 12:36:14,084 - org.eclipse.datatools.enablement.postgresql.ui - 1.2.101.201811012051
2019-11-01 12:36:14,084 - org.eclipse.datatools.enablement.finfo - 1.7.101.201811012051
2019-11-01 12:36:14,182 - org.eclipse.datatools.connectivity.oda.design.ui - 3.4.101.201811012051
2019-11-01 12:36:14,182 - org.eclipse.datatools.connectivity.ui.dse - 1.3.101.201811012051
2019-11-01 12:36:14,182 - org.eclipse.datatools.connectivity.ui - 1.4.101.201811012051
2019-11-01 12:36:14,182 - org.eclipse.datatools.connectivity.sqm.core - 1.4.101.201811012051
2019-11-01 12:36:14,183 - org.eclipse.datatools.help - 1.7.101.201811012051
2019-11-01 12:36:14,233 - org.eclipse.wb.core.xml - 1.9.1.201812270937
2019-11-01 12:36:14,233 - org.eclipse.wb.core.databinding.xml - 1.9.1.201812270937
2019-11-01 12:36:14,262 - org.eclipse.m2e.wtp.jsf - 1.4.2.20190530-0057
2019-11-01 12:36:14,281 - org.eclipse.wb.swt - 1.9.1.201812270937
2019-11-01 12:36:14,300 - org.eclipse.datatools.connectivity.db.generic - 1.2.101.201811012051
2019-11-01 12:36:14,300 - org.eclipse.datatools.connectivity.db.generic.ui - 1.2.101.201811012051
2019-11-01 12:36:14,300 - org.eclipse.datatools.connectivity.dbdefinition.genericJDBC - 1.2.101.201811012051
2019-11-01 12:36:14,325 - org.eclipse.emf.mapping - 2.12.0.v20181104-0733
2019-11-01 12:36:14,346 - org.eclipse.wst.common.project.facet.core - 1.4.400.v201903222010
2019-11-01 12:36:14,346 - org.eclipse.wst.common.project.facet.ui - 1.4.601.v201903222010
2019-11-01 12:36:14,366 - org.eclipse.emf.ecore - 2.18.0.v20190528-0845
2019-11-01 12:36:14,366 - org.eclipse.emf.ecore.change - 2.14.0.v20190528-0725
2019-11-01 12:36:14,366 - org.eclipse.emf.ecore.xmi - 2.16.0.v20190528-0725
2019-11-01 12:36:14,391 - org.eclipse.datatools.intro - 1.14.101.201811012051
2019-11-01 12:36:14,436 - org.eclipse.wb.doc.user - 1.9.1.201812270937
2019-11-01 12:36:14,468 - org.eclipse.jst.common.project.facet.core - 1.8.0.v201906031755
2019-11-01 12:36:14,468 - org.eclipse.jst.common.project.facet.ui - 1.4.510.v201903222010
2019-11-01 12:36:14,499 - org.eclipse.jgit - 5.4.0.201906121030-r
2019-11-01 12:36:14,500 - org.eclipse.jgit.archive - 5.4.0.201906121030-r
2019-11-01 12:36:14,501 - com.jcraft.jsch - 0.1.55.v20190404-1902
2019-11-01 12:36:14,503 - javaewah - 1.1.6.v20160919-1400
2019-11-01 12:36:14,505 - org.apache.commons.compress - 1.18.0.v20181121-2221
2019-11-01 12:36:14,507 - org.slf4j.api - 1.7.2.v20121108-1250
2019-11-01 12:36:14,507 - org.slf4j.impl.log4j12 - 1.7.2.v20131105-2200
2019-11-01 12:36:14,508 - org.apache.log4j - 1.2.15.v201012070815
2019-11-01 12:36:14,510 - com.jcraft.jzlib - 1.1.1.v201205102305
2019-11-01 12:36:14,512 - org.bouncycastle.bcpg - 1.61.0.v20190602-1335
2019-11-01 12:36:14,523 - org.bouncycastle.bcpkix - 1.61.0.v20190602-1335
2019-11-01 12:36:14,580 - org.bouncycastle.bcprov - 1.61.0.v20190602-1335
2019-11-01 12:36:14,609 - org.eclipse.mylyn.wikitext.tasks.ui - 3.0.29.201812180023
2019-11-01 12:36:14,609 - org.eclipse.mylyn.wikitext.context.ui - 3.0.29.201812180023
2019-11-01 12:36:14,641 - org.eclipse.jpt.jaxb.core - 1.4.101.v201902121834
2019-11-01 12:36:14,643 - org.eclipse.jpt.jaxb.core.schemagen - 1.1.201.v201902121834
2019-11-01 12:36:14,643 - org.eclipse.jpt.jaxb.ui - 1.5.101.v201902121834
2019-11-01 12:36:14,643 - org.eclipse.jpt.jaxb.branding - 1.4.1.v201902121834
2019-11-01 12:36:14,676 - org.eclipse.emf.mapping.ecore.editor - 2.8.0.v20180706-1146
2019-11-01 12:36:14,677 - org.eclipse.emf.mapping.ecore2ecore.editor - 2.10.0.v20181104-0733
2019-11-01 12:36:14,677 - org.eclipse.emf.mapping.ecore2xml.ui - 2.12.0.v20190528-0725
2019-11-01 12:36:14,707 - org.eclipse.datatools.enablement.finfo - 1.7.101.201811012051
2019-11-01 12:36:14,707 - org.eclipse.datatools.sqltools.db.derby.ui - 1.2.101.201811012051
2019-11-01 12:36:14,707 - org.eclipse.datatools.sqltools.db.generic.ui - 1.2.101.201811012051
2019-11-01 12:36:14,741 - org.eclipse.datatools.enablement.jdt.classpath - 1.2.101.201807030125
2019-11-01 12:36:14,771 - org.eclipse.mylyn.discovery.core - 3.24.2.v20180904-2231
2019-11-01 12:36:14,771 - org.eclipse.mylyn.discovery.ui - 3.24.2.v20180904-2231
2019-11-01 12:36:14,798 - org.eclipse.datatools.enablement.mysql.dbdefinition - 1.2.101.201811012051
2019-11-01 12:36:14,798 - org.eclipse.datatools.enablement.mysql - 1.2.101.201811012051
2019-11-01 12:36:14,798 - org.eclipse.datatools.enablement.mysql.ui - 1.2.101.201811012051
2019-11-01 12:36:14,798 - org.eclipse.datatools.enablement.finfo - 1.7.101.201811012051
2019-11-01 12:36:14,838 - org.eclipse.datatools.enablement.msft.sqlserver.dbdefinition - 1.2.101.201811012051
2019-11-01 12:36:14,838 - org.eclipse.datatools.enablement.msft.sqlserver - 1.2.101.201811012051
2019-11-01 12:36:14,838 - org.eclipse.datatools.enablement.msft.sqlserver.ui - 1.2.101.201811012051
2019-11-01 12:36:14,838 - org.eclipse.datatools.enablement.finfo - 1.7.101.201811012051
2019-11-01 12:36:14,864 - org.eclipse.wst.jsdt.chromium.debug.core - 0.5.300.v201903222101
2019-11-01 12:36:14,864 - org.eclipse.wst.jsdt.chromium.debug.ui - 0.6.200.v201903222101
2019-11-01 12:36:14,864 - org.eclipse.wst.jsdt.chromium.debug.js - 0.1.200.v201903222101
2019-11-01 12:36:14,864 - org.eclipse.wst.jsdt.chromium.debug - 0.4.0.v201903222101
2019-11-01 12:36:14,864 - org.eclipse.wst.jsdt.chromium - 0.5.200.v201903222101
2019-11-01 12:36:14,864 - org.eclipse.wst.jsdt.chromium.debug.jsdtbridge - 0.5.200.v201903222101
2019-11-01 12:36:14,864 - org.eclipse.wst.jsdt.chromium.wip.eclipse - 0.5.200.v201903222101
2019-11-01 12:36:14,864 - org.eclipse.wst.jsdt.chromium.wipbackend.dev - 0.5.300.v201903222101
2019-11-01 12:36:14,864 - org.eclipse.wst.jsdt.chromium.wipbackend.protocol_1_0 - 0.5.300.v201903222101
2019-11-01 12:36:14,868 - org.eclipse.sequoyah.localization.android - 2.1.0.N20120718-0509
2019-11-01 12:36:14,868 - org.eclipse.sequoyah.localization.android.help - 2.1.1.N20120718-0509
2019-11-01 12:36:14,897 - org.eclipse.m2e.wtp.jpa - 1.4.2.20190530-0057
2019-11-01 12:36:14,942 - org.eclipse.jst.ws.jaxws.core - 1.0.501.v201902162203
2019-11-01 12:36:14,942 - org.eclipse.jst.ws.jaxws.ui - 1.0.500.v201902162239
2019-11-01 12:36:14,943 - javax.xml.ws - 2.1.0.v200902101523
2019-11-01 12:36:14,944 - javax.jws - 2.0.0.v201005080400
2019-11-01 12:36:14,944 - org.eclipse.jst.ws.annotations.core - 1.2.200.v201902162033
2019-11-01 12:36:14,947 - javax.xml.bind - 2.2.0.v201105210648
2019-11-01 12:36:14,948 - javax.xml.stream - 1.0.1.v201004272200
2019-11-01 12:36:14,948 - org.eclipse.jst.ws.jaxb.core - 1.0.200.v201902162203
2019-11-01 12:36:14,950 - javax.wsdl - 1.6.2.v201012040545
2019-11-01 12:36:14,950 - org.jdom - 1.1.1.v201101151400
2019-11-01 12:36:15,017 - org.eclipse.wb.swing.doc.user - 1.9.1.201812270937
2019-11-01 12:36:15,064 - org.eclipse.datatools.connectivity.doc.user.contexts - 1.7.101.201811012051
2019-11-01 12:36:15,064 - org.eclipse.datatools.connectivity.doc.user - 1.14.101.201811012051
2019-11-01 12:36:15,134 - org.eclipse.userstorage - 1.2.0.v20190307-0457
2019-11-01 12:36:15,134 - org.eclipse.userstorage.ui - 1.1.0.v20190307-0457
2019-11-01 12:36:15,134 - org.eclipse.userstorage.oauth - 1.1.0.v20190307-0457
2019-11-01 12:36:15,194 - org.eclipse.mylyn.tasks.bugs - 3.24.2.v20180905-0003
2019-11-01 12:36:15,194 - org.eclipse.mylyn.help.ui - 3.24.2.v20180905-0003
2019-11-01 12:36:15,289 - org.eclipse.emf.edit - 2.15.0.v20190528-0725
2019-11-01 12:36:15,330 - org.eclipse.mylyn.commons.core - 3.24.2.v20180904-2231
2019-11-01 12:36:15,331 - org.eclipse.mylyn.commons.screenshots - 3.24.2.v20180904-2231
2019-11-01 12:36:15,333 - org.eclipse.mylyn.commons.ui - 3.24.2.v20180904-2231
2019-11-01 12:36:15,333 - org.eclipse.mylyn.commons.workbench - 3.24.2.v20180904-2231
2019-11-01 12:36:15,361 - org.eclipse.mylyn.bugzilla.ide - 3.24.2.v20180905-0014
2019-11-01 12:36:15,361 - org.eclipse.mylyn.ide.ui - 3.24.2.v20180905-0014
2019-11-01 12:36:15,388 - org.eclipse.wst.json.ui - 1.0.300.v201904210526
2019-11-01 12:36:15,388 - org.eclipse.wst.json.bower.ui - 1.0.200.v201904210526
2019-11-01 12:36:15,388 - org.eclipse.wst.json.eslint.ui - 1.0.200.v201904210526
2019-11-01 12:36:15,388 - org.eclipse.wst.json.jshint.ui - 1.0.200.v201904210526
2019-11-01 12:36:15,388 - org.eclipse.wst.json.npm.ui - 1.0.100.v201904210526
2019-11-01 12:36:15,416 - org.eclipse.emf.databinding.edit - 1.6.0.v20190323-1031
2019-11-01 12:36:15,440 - org.eclipse.emf.codegen.ecore - 2.18.0.v20190528-0725
2019-11-01 12:36:15,440 - org.eclipse.emf.ant - 2.11.0.v20190418-1022
2019-11-01 12:36:15,479 - org.eclipse.m2e.archetype.common - 1.12.0.20190529-1915
2019-11-01 12:36:15,485 - org.eclipse.m2e.maven.indexer - 1.12.0.20190529-1915
2019-11-01 12:36:15,485 - org.eclipse.m2e.model.edit - 1.12.0.20190529-1916
2019-11-01 12:36:15,485 - org.eclipse.m2e.core - 1.12.0.20190529-1916
2019-11-01 12:36:15,485 - org.eclipse.m2e.launching - 1.12.0.20190529-1916
2019-11-01 12:36:15,486 - org.eclipse.m2e.workspace.cli - 0.3.1
2019-11-01 12:36:15,486 - org.eclipse.m2e.jdt - 1.12.0.20190529-1916
2019-11-01 12:36:15,486 - org.eclipse.m2e.editor - 1.12.0.20190529-1916
2019-11-01 12:36:15,486 - org.eclipse.m2e.editor.xml - 1.12.0.20190529-1916
2019-11-01 12:36:15,524 - org.eclipse.m2e.maven.runtime - 1.12.0.20190529-1915
2019-11-01 12:36:15,527 - org.eclipse.m2e.maven.runtime.slf4j.simple - 1.12.0.20190529-1915
2019-11-01 12:36:15,527 - org.eclipse.m2e.refactoring - 1.12.0.20190529-1916
2019-11-01 12:36:15,528 - org.eclipse.m2e.lifecyclemapping.defaults - 1.12.0.20190529-1916
2019-11-01 12:36:15,528 - org.eclipse.m2e.discovery - 1.12.0.20190529-1916
2019-11-01 12:36:15,528 - org.eclipse.m2e.core.ui - 1.12.0.20190529-1916
2019-11-01 12:36:15,528 - org.eclipse.m2e.scm - 1.12.0.20190529-1916
2019-11-01 12:36:15,528 - org.eclipse.m2e.jdt.ui - 1.12.0.20190529-1916
2019-11-01 12:36:15,528 - org.eclipse.m2e.profiles.core - 1.12.0.20190529-1916
2019-11-01 12:36:15,528 - org.eclipse.m2e.profiles.ui - 1.12.0.20190529-1916
2019-11-01 12:36:15,528 - org.eclipse.m2e.importer - 1.12.0.20190529-1916
2019-11-01 12:36:15,528 - org.eclipse.m2e.sourcelookup - 1.12.0.20190529-1916
2019-11-01 12:36:15,528 - org.eclipse.m2e.sourcelookup.ui - 1.12.0.20190529-1916
2019-11-01 12:36:15,528 - org.eclipse.m2e.binaryproject - 1.12.0.20190529-1916
2019-11-01 12:36:15,528 - org.eclipse.m2e.binaryproject.ui - 1.12.0.20190529-1916
2019-11-01 12:36:15,532 - org.eclipse.andmore.ndk - 0.5.1.201701251432
2019-11-01 12:36:15,554 - org.eclipse.cft.server.core - 1.2.3.v201805291812
2019-11-01 12:36:15,554 - org.eclipse.cft.server.branding.core - 1.0.2.v201805291812
2019-11-01 12:36:15,554 - org.eclipse.cft.server.standalone.core - 1.0.4.v201805291812
2019-11-01 12:36:15,578 - org.eclipse.datatools.connectivity.oda.consumer - 3.4.101.201811012051
2019-11-01 12:36:15,579 - org.eclipse.datatools.connectivity.oda.design - 3.5.101.201811012051
2019-11-01 12:36:15,579 - org.eclipse.datatools.connectivity.oda.profile - 3.4.101.201811012051
2019-11-01 12:36:15,579 - org.eclipse.datatools.connectivity.oda - 3.6.101.201811012051
2019-11-01 12:36:15,579 - org.eclipse.datatools.connectivity - 1.14.101.201811012051
2019-11-01 12:36:15,582 - org.eclipse.andmore.android.certmanager - 0.5.1.201701251432
2019-11-01 12:36:15,586 - org.eclipse.sequoyah.localization.tools - 2.1.0.N20120718-0509
2019-11-01 12:36:15,587 - org.eclipse.sequoyah.localization.editor - 2.1.0.N20120718-0509
2019-11-01 12:36:15,610 - org.eclipse.mylyn.team.ui - 3.24.2.v20180905-0014
2019-11-01 12:36:15,635 - org.eclipse.emf.common.ui - 2.18.0.v20190507-0402
2019-11-01 12:36:15,639 - org.eclipse.sequoyah.device.common.utilities - 2.1.0.N20120718-0509
2019-11-01 12:36:15,659 - org.eclipse.emf.mapping.ui - 2.10.0.v20181104-0733
2019-11-01 12:36:15,679 - org.eclipse.datatools.connectivity.oda.template.ui - 3.4.101.201811012051
2019-11-01 12:36:15,702 - org.eclipse.datatools.enablement.ibm - 1.2.101.201811012051
2019-11-01 12:36:15,703 - org.eclipse.datatools.enablement.ibm.db2 - 1.2.101.201811012051
2019-11-01 12:36:15,703 - org.eclipse.datatools.enablement.ibm.db2.iseries.dbdefinition - 1.2.101.201811012051
2019-11-01 12:36:15,703 - org.eclipse.datatools.enablement.ibm.db2.iseries - 1.2.101.201811012051
2019-11-01 12:36:15,703 - org.eclipse.datatools.enablement.ibm.db2.iseries.ui - 1.2.101.201811012051
2019-11-01 12:36:15,703 - org.eclipse.datatools.enablement.ibm.db2.luw.dbdefinition - 1.2.101.201811012051
2019-11-01 12:36:15,703 - org.eclipse.datatools.enablement.ibm.db2.luw - 1.2.101.201811012051
2019-11-01 12:36:15,703 - org.eclipse.datatools.enablement.ibm.db2.luw.ui - 1.2.101.201811012051
2019-11-01 12:36:15,703 - org.eclipse.datatools.enablement.ibm.db2.zseries.dbdefinition - 1.2.101.201811012051
2019-11-01 12:36:15,703 - org.eclipse.datatools.enablement.ibm.db2.zseries - 1.2.101.201811012051
2019-11-01 12:36:15,704 - org.eclipse.datatools.enablement.ibm.db2.zseries.ui - 1.2.101.201811012051
2019-11-01 12:36:15,704 - org.eclipse.datatools.enablement.ibm.informix.dbdefinition - 1.2.101.201811012051
2019-11-01 12:36:15,704 - org.eclipse.datatools.enablement.ibm.informix - 1.2.101.201811012051
2019-11-01 12:36:15,704 - org.eclipse.datatools.enablement.ibm.informix.ui - 1.2.101.201811012051
2019-11-01 12:36:15,704 - org.eclipse.datatools.enablement.ibm.ui - 1.2.101.201811012051
2019-11-01 12:36:15,725 - org.eclipse.jpt.common.eclipselink.core - 1.3.201.v201902121834
2019-11-01 12:36:15,725 - org.eclipse.jpt.common.eclipselink.branding - 1.3.101.v201902121834
2019-11-01 12:36:15,745 - org.eclipse.wb.core.ui - 1.10.0.201812270937
2019-11-01 12:36:15,768 - org.eclipse.datatools.connectivity.sqm.core.ui - 1.4.101.201811012051
2019-11-01 12:36:15,768 - org.eclipse.datatools.connectivity.sqm.core - 1.4.101.201811012051
2019-11-01 12:36:15,768 - org.eclipse.datatools.connectivity.sqm.server.ui - 1.3.101.201811012051
2019-11-01 12:36:15,768 - org.eclipse.datatools.connectivity.ui.dse - 1.3.101.201811012051
2019-11-01 12:36:15,768 - org.eclipse.datatools.connectivity.ui - 1.4.101.201811012051
2019-11-01 12:36:15,768 - org.eclipse.datatools.connectivity - 1.14.101.201811012051
2019-11-01 12:36:15,768 - org.eclipse.datatools.help - 1.7.101.201811012051
2019-11-01 12:36:15,768 - org.eclipse.datatools.connectivity.console.profile - 1.2.101.201811012051
2019-11-01 12:36:15,787 - org.eclipse.wst.jsdt.core - 2.0.302.v201903222047
2019-11-01 12:36:15,787 - org.eclipse.wst.jsdt.manipulation - 1.0.601.v201903222047
2019-11-01 12:36:15,787 - org.eclipse.wst.jsdt.ui - 2.0.301.v201903222101
2019-11-01 12:36:15,787 - org.eclipse.wst.jsdt.support.firefox - 1.0.501.v201903222047
2019-11-01 12:36:15,787 - org.eclipse.wst.jsdt.support.ie - 1.0.601.v201903222047
2019-11-01 12:36:15,787 - org.eclipse.wst.jsdt.doc - 2.0.200.v201903222101
2019-11-01 12:36:15,787 - org.eclipse.wst.jsdt.debug.core - 3.2.200.v201903222047
2019-11-01 12:36:15,788 - org.eclipse.wst.jsdt.debug.transport - 1.0.300.v201903222047
2019-11-01 12:36:15,788 - org.eclipse.wst.jsdt.debug.crossfire - 1.0.500.v201903222047
2019-11-01 12:36:15,789 - org.eclipse.wst.jsdt.debug.rhino - 1.0.500.v201903222047
2019-11-01 12:36:15,789 - org.eclipse.wst.jsdt.debug.rhino.debugger - 1.0.600.v201903222047
2019-11-01 12:36:15,790 - org.eclipse.wst.jsdt.debug.ui - 1.0.600.v201903222047
2019-11-01 12:36:15,791 - org.mozilla.javascript - 1.7.5.v201504281450
2019-11-01 12:36:15,792 - com.google.guava - 21.0.0.v20170206-1425
2019-11-01 12:36:15,793 - com.google.javascript - 0.0.20160315.v20161124-1903
2019-11-01 12:36:15,836 - org.eclipse.wb.rcp.doc.user - 1.9.1.201812270937
2019-11-01 12:36:15,859 - org.eclipse.buildship.core - 3.1.0.v20190501-0832
2019-11-01 12:36:15,859 - org.eclipse.buildship.ui - 3.1.0.v20190501-0832
2019-11-01 12:36:15,859 - org.eclipse.buildship.branding - 3.1.0.v20190501-0832
2019-11-01 12:36:15,860 - org.eclipse.buildship.stsmigration - 3.1.0.v20190501-0832
2019-11-01 12:36:15,901 - org.eclipse.wst.jsdt.web.core - 1.1.0.v201901071922
2019-11-01 12:36:15,901 - org.eclipse.wst.jsdt.web.ui - 1.2.0.v201904272112
2019-11-01 12:36:15,901 - org.eclipse.wst.html.ui.infopop - 1.0.201.v201903222120
2019-11-01 12:36:15,901 - org.eclipse.wst.web.ui.infopop - 1.0.300.v201903222120
2019-11-01 12:36:15,901 - org.eclipse.wst.css.ui - 1.1.200.v201904272112
2019-11-01 12:36:15,901 - org.eclipse.wst.html.ui - 1.1.200.v201905301652
2019-11-01 12:36:15,901 - org.eclipse.wst.web.ui - 1.2.100.v201902281912
2019-11-01 12:36:15,924 - org.eclipse.datatools.common.doc.user - 1.14.101.201811012051
2019-11-01 12:36:15,945 - org.eclipse.datatools.enablement.hsqldb - 1.2.101.201811012051
2019-11-01 12:36:15,945 - org.eclipse.datatools.enablement.hsqldb.dbdefinition - 1.2.101.201811012051
2019-11-01 12:36:15,945 - org.eclipse.datatools.enablement.hsqldb.ui - 1.2.101.201811012051
2019-11-01 12:36:15,945 - org.eclipse.datatools.enablement.finfo - 1.7.101.201811012051
2019-11-01 12:36:15,968 - org.eclipse.datatools.sqltools.doc.user - 1.14.101.201811012051
2019-11-01 12:36:15,968 - org.eclipse.datatools.sqltools.doc.user.contexts - 1.7.101.201811012051
2019-11-01 12:36:15,997 - org.eclipse.m2e.wtp - 1.4.2.20190530-0057
2019-11-01 12:36:15,997 - org.eclipse.m2e.wtp.overlay - 1.4.2.20190530-0057
2019-11-01 12:36:15,997 - org.eclipse.m2e.wtp.overlay.ui - 1.4.2.20190530-0057
2019-11-01 12:36:16,039 - org.eclipse.jpt.common.utility - 2.4.1.v201902121834
2019-11-01 12:36:16,039 - org.eclipse.jpt.common.core - 1.5.1.v201902121834
2019-11-01 12:36:16,039 - org.eclipse.jpt.common.ui - 1.4.201.v201902121834
2019-11-01 12:36:16,039 - org.eclipse.jpt.common.branding - 1.4.1.v201902121834
2019-11-01 12:36:16,063 - org.eclipse.emf.edit.ui - 2.16.0.v20181104-0733
2019-11-01 12:36:16,088 - org.eclipse.help - 3.8.400.v20190423-0921
2019-11-01 12:36:16,088 - org.eclipse.ui - 3.113.0.v20190513-2118
2019-11-01 12:36:16,088 - org.eclipse.ui.workbench - 3.115.0.v20190521-1602
2019-11-01 12:36:16,089 - org.eclipse.update.configurator - 3.4.300.v20190518-1030
2019-11-01 12:36:16,089 - org.eclipse.rcp - 4.12.0.v20190605-1800
2019-11-01 12:36:16,114 - org.eclipse.persistence.moxy - 2.7.3.v20180807-4be1041
2019-11-01 12:36:16,115 - org.eclipse.jpt.jaxb.eclipselink.core - 1.3.201.v201902121834
2019-11-01 12:36:16,115 - org.eclipse.jpt.jaxb.eclipselink.ui - 1.4.201.v201902121834
2019-11-01 12:36:16,115 - org.eclipse.jpt.jaxb.eclipselink.core.schemagen - 1.2.201.v201902121834
2019-11-01 12:36:16,115 - org.eclipse.jpt.jaxb.eclipselink.branding - 1.4.101.v201902121834
2019-11-01 12:36:16,136 - org.eclipse.datatools.connectivity.apache.derby.dbdefinition - 1.2.101.201811012051
2019-11-01 12:36:16,136 - org.eclipse.datatools.connectivity.apache.derby.ui - 1.2.101.201811012051
2019-11-01 12:36:16,136 - org.eclipse.datatools.connectivity.apache.derby - 1.2.101.201811012051
2019-11-01 12:36:16,136 - org.eclipse.datatools.modelbase.derby - 1.2.101.201811012051
2019-11-01 12:36:16,136 - org.eclipse.datatools.sqltools.db.derby - 1.2.101.201811012051
2019-11-01 12:36:16,163 - org.eclipse.jdt - 3.18.0.v20190605-1800
2019-11-01 12:36:16,163 - org.eclipse.ant.ui - 3.7.500.v20190518-1030
2019-11-01 12:36:16,163 - org.eclipse.jdt.apt.core - 3.6.400.v20190328-1431
2019-11-01 12:36:16,163 - org.eclipse.jdt.apt.ui - 3.6.200.v20180921-1416
2019-11-01 12:36:16,163 - org.eclipse.jdt.apt.pluggable.core - 1.2.300.v20181206-1038
2019-11-01 12:36:16,165 - org.eclipse.jdt.compiler.apt - 1.3.600.v20190402-0634
2019-11-01 12:36:16,165 - org.eclipse.jdt.compiler.tool - 1.2.600.v20190322-0450
2019-11-01 12:36:16,165 - org.eclipse.jdt.core - 3.18.0.v20190522-0428
2019-11-01 12:36:16,166 - org.eclipse.jdt.annotation - 2.2.300.v20190328-1431
2019-11-01 12:36:16,166 - org.eclipse.jdt.annotation - 2.2.300.v20190328-1431
2019-11-01 12:36:16,167 - org.eclipse.jdt.core.manipulation - 1.11.200.v20190520-0718
2019-11-01 12:36:16,167 - org.eclipse.jdt.debug.ui - 3.10.300.v20190528-0604
2019-11-01 12:36:16,167 - org.eclipse.jdt.debug - 3.13.0.v20190521-1707
2019-11-01 12:36:16,167 - org.eclipse.jdt.junit - 3.11.400.v20190510-0840
2019-11-01 12:36:16,167 - org.eclipse.jdt.junit.core - 3.10.300.v20190510-0840
2019-11-01 12:36:16,168 - org.eclipse.jdt.junit.runtime - 3.4.1000.v20190510-0840
2019-11-01 12:36:16,169 - org.eclipse.jdt.junit4.runtime - 1.1.1000.v20190510-0840
2019-11-01 12:36:16,170 - org.eclipse.jdt.junit5.runtime - 1.0.500.v20190510-0840
2019-11-01 12:36:16,170 - org.eclipse.jdt.launching - 3.14.0.v20190508-0531
2019-11-01 12:36:16,170 - org.eclipse.jdt.ui - 3.18.0.v20190601-2139
2019-11-01 12:36:16,172 - org.junit - 4.12.0.v201504281640
2019-11-01 12:36:16,174 - org.hamcrest.core - 1.3.0.v20180420-1519
2019-11-01 12:36:16,176 - org.junit.jupiter.api - 5.4.0.v20190212-2109
2019-11-01 12:36:16,178 - org.junit.jupiter.engine - 5.4.0.v20190212-2109
2019-11-01 12:36:16,179 - org.junit.jupiter.migrationsupport - 5.4.0.v20190212-2109
2019-11-01 12:36:16,182 - org.junit.jupiter.params - 5.4.0.v20190212-2109
2019-11-01 12:36:16,183 - org.junit.platform.commons - 1.4.0.v20190212-2109
2019-11-01 12:36:16,185 - org.junit.platform.engine - 1.4.0.v20190212-2109
2019-11-01 12:36:16,186 - org.junit.platform.launcher - 1.4.0.v20190212-2109
2019-11-01 12:36:16,188 - org.junit.platform.runner - 1.4.0.v20190212-2109
2019-11-01 12:36:16,189 - org.junit.platform.suite.api - 1.4.0.v20190212-2109
2019-11-01 12:36:16,190 - org.junit.vintage.engine - 5.4.0.v20190212-2109
2019-11-01 12:36:16,192 - org.opentest4j - 1.1.1.v20190212-2109
2019-11-01 12:36:16,193 - org.apiguardian - 1.0.0.v20190212-2109
2019-11-01 12:36:16,193 - org.eclipse.jdt.doc.user - 3.15.300.v20190604-0816
2019-11-01 12:36:16,193 - org.eclipse.ant.launching - 1.2.500.v20190510-0606
2019-11-01 12:36:16,219 - org.eclipse.emf.common - 2.16.0.v20190528-0845
2019-11-01 12:36:16,241 - org.eclipse.egit.mylyn.ui - 5.4.0.201906121030-r
2019-11-01 12:36:16,243 - org.eclipse.sequoyah.vnc.vncviewer.vncviews - 2.1.0.N20120718-0509
2019-11-01 12:36:16,261 - org.jdom - 1.1.1.v201101151400
2019-11-01 12:36:16,261 - org.eclipse.jst.ws.cxf.consumption.core - 1.0.400.v201902162149
2019-11-01 12:36:16,261 - org.eclipse.jst.ws.cxf.consumption.ui - 1.0.400.v201902162149
2019-11-01 12:36:16,261 - org.eclipse.jst.ws.cxf.core - 1.1.301.v201902162149
2019-11-01 12:36:16,263 - org.eclipse.jst.ws.cxf.creation.core - 1.0.500.v201902162149
2019-11-01 12:36:16,263 - org.eclipse.jst.ws.cxf.creation.ui - 1.0.300.v201902162149
2019-11-01 12:36:16,263 - org.eclipse.jst.ws.cxf.ui - 1.0.301.v201902162203
2019-11-01 12:36:16,263 - javax.wsdl - 1.6.2.v201012040545
2019-11-01 12:36:16,263 - javax.jws - 2.0.0.v201005080400
2019-11-01 12:36:16,263 - javax.xml.bind - 2.2.0.v201105210648
2019-11-01 12:36:16,263 - javax.xml.stream - 1.0.1.v201004272200
2019-11-01 12:36:16,263 - javax.xml.ws - 2.1.0.v200902101523
2019-11-01 12:36:16,290 - org.eclipse.datatools.enablement.sybase.asa.models - 1.2.101.201811012051
2019-11-01 12:36:16,290 - org.eclipse.datatools.enablement.sybase.ase.models - 1.2.101.201811012051
2019-11-01 12:36:16,290 - org.eclipse.datatools.enablement.sybase.asa - 1.2.101.201811012051
2019-11-01 12:36:16,290 - org.eclipse.datatools.enablement.sybase.ase - 1.2.101.201811012051
2019-11-01 12:36:16,290 - org.eclipse.datatools.enablement.sybase.ase.dbdefinition - 1.2.101.201811012051
2019-11-01 12:36:16,290 - org.eclipse.datatools.enablement.sybase.asa.dbdefinition - 1.2.101.201811012051
2019-11-01 12:36:16,290 - org.eclipse.datatools.enablement.sybase.asa.ui - 1.2.101.201811012051
2019-11-01 12:36:16,290 - org.eclipse.datatools.enablement.sybase.ase.ui - 1.2.101.201811012051
2019-11-01 12:36:16,290 - org.eclipse.datatools.enablement.sybase - 1.2.101.201811012051
2019-11-01 12:36:16,290 - org.eclipse.datatools.enablement.sybase.models - 1.2.101.201811012051
2019-11-01 12:36:16,290 - org.eclipse.datatools.enablement.sybase.ui - 1.2.101.201811012051
2019-11-01 12:36:16,290 - org.eclipse.datatools.enablement.sybase.asa.schemaobjecteditor.examples - 2.7.101.201811012051
2019-11-01 12:36:16,313 - org.eclipse.datatools.sqltools.common.ui - 1.2.101.201811012051
2019-11-01 12:36:16,313 - org.eclipse.datatools.sqltools.debugger.core - 1.2.101.201811012051
2019-11-01 12:36:16,313 - org.eclipse.datatools.sqltools.editor.core - 1.2.101.201811012051
2019-11-01 12:36:16,313 - org.eclipse.datatools.sqltools.plan - 1.2.101.201811012051
2019-11-01 12:36:16,313 - org.eclipse.datatools.sqltools.routineeditor - 1.2.101.201811012051
2019-11-01 12:36:16,314 - org.eclipse.datatools.sqltools.sql - 1.2.101.201811012051
2019-11-01 12:36:16,314 - org.eclipse.datatools.sqltools.sqleditor - 1.2.101.201811012051
2019-11-01 12:36:16,314 - org.eclipse.datatools.sqltools.sqlscrapbook - 1.2.101.201811012051
2019-11-01 12:36:16,314 - org.eclipse.datatools.help - 1.7.101.201811012051
2019-11-01 12:36:16,314 - org.eclipse.datatools.sqltools.db.generic - 1.2.101.201811012051
2019-11-01 12:36:16,314 - org.eclipse.datatools.sqltools.debugger.core.ui - 1.2.101.201811012051
2019-11-01 12:36:16,314 - org.eclipse.datatools.sqltools.editor.core.ui - 1.2.101.201811012051
2019-11-01 12:36:16,314 - org.eclipse.datatools.sqltools.result.ui - 1.3.101.201811012051
2019-11-01 12:36:16,314 - org.eclipse.datatools.sqltools.routineeditor.ui - 1.2.101.201811012051
2019-11-01 12:36:16,314 - org.eclipse.datatools.sqltools.sql.ui - 1.2.101.201811012051
2019-11-01 12:36:16,320 - org.objectweb.asm - 7.1.0.v20190412-2143
2019-11-01 12:36:16,320 - org.eclipse.andmore - 0.5.1.201701251432
2019-11-01 12:36:16,320 - org.eclipse.andmore.base - 0.5.1.201701251432
2019-11-01 12:36:16,320 - org.eclipse.andmore.ddms - 0.5.1.201701251432
2019-11-01 12:36:16,320 - org.eclipse.andmore.overlay - 0.5.1.201701251432
2019-11-01 12:36:16,321 - org.apache.commons.codec - 1.10.0.v20180409-1845
2019-11-01 12:36:16,321 - org.apache.commons.compress - 1.18.0.v20181121-2221
2019-11-01 12:36:16,322 - org.apache.httpcomponents.httpclient - 4.5.6.v20190213-1430
2019-11-01 12:36:16,323 - org.apache.httpcomponents.httpcore - 4.4.10.v20190123-2214
2019-11-01 12:36:16,344 - org.eclipse.datatools.modelbase.dbdefinition - 1.2.101.201811012051
2019-11-01 12:36:16,344 - org.eclipse.datatools.modelbase.sql.edit - 1.2.101.201811012051
2019-11-01 12:36:16,344 - org.eclipse.datatools.modelbase.sql.query - 1.3.201.201811012051
2019-11-01 12:36:16,344 - org.eclipse.datatools.modelbase.sql.query.edit - 1.2.101.201811012051
2019-11-01 12:36:16,344 - org.eclipse.datatools.modelbase.sql.xml.query - 1.2.101.201811012051
2019-11-01 12:36:16,344 - org.eclipse.datatools.modelbase.sql - 1.2.101.201811012051
2019-11-01 12:36:16,368 - org.eclipse.oomph.setup.editor - 1.14.0.v20190703-1347
2019-11-01 12:36:16,368 - org.eclipse.oomph.setup.ui - 1.14.0.v20190704-1252
2019-11-01 12:36:16,368 - org.eclipse.oomph.setup.doc - 1.10.0.v20180706-1242
2019-11-01 12:36:16,368 - org.eclipse.oomph.setup.ui.questionnaire - 1.10.0.v20180706-1242
2019-11-01 12:36:16,368 - org.eclipse.oomph.jreinfo.ui - 1.10.0.v20180706-1242
2019-11-01 12:36:16,392 - org.eclipse.datatools.doc.isv - 1.14.101.201811012051
2019-11-01 12:36:16,392 - org.eclipse.datatools.sdk - 1.9.101.201811012051
2019-11-01 12:36:16,392 - org.eclipse.datatools.connectivity.ui.templates - 1.2.101.201811012051
2019-11-01 12:36:16,415 - org.eclipse.wst.xsl.core - 1.2.0.v201903222120
2019-11-01 12:36:16,415 - org.eclipse.wst.xsl.debug.ui - 1.1.0.v201901071922
2019-11-01 12:36:16,415 - org.eclipse.wst.xsl.launching - 1.2.0.v201901071922
2019-11-01 12:36:16,415 - org.eclipse.wst.xsl.xalan - 1.1.0.v201901071922
2019-11-01 12:36:16,415 - org.eclipse.wst.xsl.ui - 1.2.100.v201904272112
2019-11-01 12:36:16,415 - org.eclipse.wst.xml.xpath.ui - 1.1.300.v201904282210
2019-11-01 12:36:16,415 - org.eclipse.wst.xsl.doc - 1.1.0.v201903222120
2019-11-01 12:36:16,415 - org.eclipse.wst.xml.xpath.core - 1.3.1.v201901071922
2019-11-01 12:36:16,415 - org.eclipse.wst.xsl.saxon - 1.1.0.v201901071922
2019-11-01 12:36:16,415 - org.eclipse.wst.xsl - 1.2.0.v201901071922
2019-11-01 12:36:16,416 - org.eclipse.wst.xsl.jaxp.debug - 1.1.0.v201901071922
2019-11-01 12:36:16,416 - org.eclipse.wst.xsl.jaxp.debug.ui - 1.1.0.v201901071922
2019-11-01 12:36:16,416 - org.eclipse.wst.xsl.jaxp.launching - 1.1.0.v201901071922
2019-11-01 12:36:16,416 - org.eclipse.wst.xsl.exslt.core - 1.1.0.v201901071922
2019-11-01 12:36:16,416 - org.eclipse.wst.xsl.exslt.ui - 1.1.0.v201901071922
2019-11-01 12:36:16,457 - org.eclipse.datatools.enablement.oda.ws - 1.4.101.201811012051
2019-11-01 12:36:16,457 - org.eclipse.datatools.enablement.oda.xml - 1.4.102.201901091730
2019-11-01 12:36:16,457 - org.eclipse.datatools.connectivity.oda.flatfile - 3.3.101.201811012051
2019-11-01 12:36:16,481 - org.eclipse.jst.ws.axis2.core - 1.0.300.v201903050508
2019-11-01 12:36:16,481 - org.eclipse.jst.ws.axis2.ui - 1.0.400.v201903050508
2019-11-01 12:36:16,482 - org.eclipse.jst.ws.axis2.consumption.core - 1.0.200.v201903050508
2019-11-01 12:36:16,482 - org.eclipse.jst.ws.axis2.consumption.ui - 1.0.200.v201903050508
2019-11-01 12:36:16,483 - org.eclipse.jst.ws.axis2.creation.core - 1.0.200.v201903050508
2019-11-01 12:36:16,483 - org.eclipse.jst.ws.axis2.creation.ui - 1.0.200.v201903050508
2019-11-01 12:36:16,483 - org.eclipse.jst.ws.axis2.ui.doc.user - 1.0.200.v201903222115
2019-11-01 12:36:16,531 - org.apache.ant - 1.10.5.v20190526-1402
2019-11-01 12:36:16,531 - org.eclipse.ant.core - 3.5.400.v20190510-0606
2019-11-01 12:36:16,531 - com.jcraft.jsch - 0.1.55.v20190404-1902
2019-11-01 12:36:16,532 - org.eclipse.compare.core - 3.6.500.v20190519-2354
2019-11-01 12:36:16,532 - org.eclipse.compare - 3.7.600.v20190519-2354
2019-11-01 12:36:16,532 - org.eclipse.compare.win32 - 1.2.500.v20190519-2354
2019-11-01 12:36:16,532 - org.eclipse.core.filebuffers - 3.6.600.v20190519-2344
2019-11-01 12:36:16,532 - org.eclipse.core.filesystem - 1.7.400.v20190518-1151
2019-11-01 12:36:16,532 - org.eclipse.core.net - 1.3.500.v20190519-2354
2019-11-01 12:36:16,533 - org.eclipse.core.net.win32.x86_64 - 1.1.300.v20181126-0635
2019-11-01 12:36:16,533 - org.eclipse.core.resources - 3.13.400.v20190505-1655
2019-11-01 12:36:16,534 - org.eclipse.osgi.util - 3.5.200.v20190115-2323
2019-11-01 12:36:16,534 - org.eclipse.debug.core - 3.13.300.v20190514-0832
2019-11-01 12:36:16,534 - org.eclipse.debug.ui - 3.14.100.v20190518-2143
2019-11-01 12:36:16,534 - org.eclipse.equinox.event - 1.5.100.v20190528-1257
2019-11-01 12:36:16,534 - org.eclipse.ltk.core.refactoring - 3.10.100.v20190510-0840
2019-11-01 12:36:16,535 - org.eclipse.ltk.ui.refactoring - 3.9.400.v20190510-0840
2019-11-01 12:36:16,535 - org.eclipse.platform - 4.12.0.v20190605-1800
2019-11-01 12:36:16,535 - org.eclipse.platform.doc.user - 4.12.0.v20190604-0816
2019-11-01 12:36:16,535 - org.eclipse.search - 3.11.600.v20190519-2344
2019-11-01 12:36:16,535 - org.eclipse.team.core - 3.8.600.v20190519-2354
2019-11-01 12:36:16,535 - org.eclipse.team.ui - 3.8.500.v20190519-2354
2019-11-01 12:36:16,535 - org.eclipse.text - 3.8.200.v20190519-2344
2019-11-01 12:36:16,535 - org.eclipse.jface.text - 3.15.200.v20190519-2344
2019-11-01 12:36:16,535 - org.eclipse.jsch.core - 1.3.500.v20190413-1338
2019-11-01 12:36:16,535 - org.eclipse.jsch.ui - 1.3.500.v20190519-2354
2019-11-01 12:36:16,536 - org.eclipse.ui.console - 3.8.500.v20190514-0743
2019-11-01 12:36:16,536 - org.eclipse.ui.intro - 3.5.600.v20190329-1257
2019-11-01 12:36:16,536 - org.eclipse.ui.intro.universal - 3.3.500.v20190315-1216
2019-11-01 12:36:16,536 - org.eclipse.ui.cheatsheets - 3.5.400.v20190218-1039
2019-11-01 12:36:16,536 - org.eclipse.ui.browser - 3.6.400.v20190513-2118
2019-11-01 12:36:16,536 - org.eclipse.ui.genericeditor - 1.1.400.v20190519-2344
2019-11-01 12:36:16,536 - org.eclipse.ui.monitoring - 1.1.400.v20190517-1612
2019-11-01 12:36:16,536 - org.eclipse.ui.navigator - 3.8.0.v20190519-2104
2019-11-01 12:36:16,536 - org.eclipse.ui.navigator.resources - 3.6.500.v20190519-2104
2019-11-01 12:36:16,536 - org.eclipse.ui.net - 1.3.400.v20190519-2354
2019-11-01 12:36:16,536 - org.eclipse.ui.workbench.texteditor - 3.12.0.v20190519-2344
2019-11-01 12:36:16,536 - org.eclipse.ui.views - 3.9.400.v20190517-1612
2019-11-01 12:36:16,536 - org.eclipse.ui.editors - 3.11.500.v20190519-2344
2019-11-01 12:36:16,536 - org.eclipse.ui.externaltools - 3.4.300.v20190510-0549
2019-11-01 12:36:16,536 - org.eclipse.ui.ide - 3.15.200.v20190519-2104
2019-11-01 12:36:16,536 - org.eclipse.ui.ide.application - 1.3.300.v20190513-2118
2019-11-01 12:36:16,537 - org.eclipse.ui.win32 - 3.4.200.v20190513-2118
2019-11-01 12:36:16,537 - org.eclipse.core.resources.win32.x86_64 - 3.5.300.v20181030-1942
2019-11-01 12:36:16,538 - org.eclipse.core.filesystem.win32.x86_64 - 1.4.100.v20180828-0158
2019-11-01 12:36:16,538 - org.eclipse.core.variables - 3.4.500.v20190510-0549
2019-11-01 12:36:16,538 - org.eclipse.ui.forms - 3.8.0.v20190519-1034
2019-11-01 12:36:16,538 - org.eclipse.ui.views.properties.tabbed - 3.8.500.v20190513-2118
2019-11-01 12:36:16,538 - org.eclipse.equinox.security - 1.3.200.v20190516-1504
2019-11-01 12:36:16,538 - org.eclipse.equinox.security.ui - 1.2.300.v20190514-1046
2019-11-01 12:36:16,538 - org.eclipse.equinox.security.win32.x86_64 - 1.1.100.v20180827-1235
2019-11-01 12:36:16,538 - org.eclipse.core.externaltools - 1.1.300.v20190510-0549
2019-11-01 12:36:16,538 - org.eclipse.ui.themes - 1.2.600.v20190513-0458
2019-11-01 12:36:16,538 - org.eclipse.core.runtime - 3.15.300.v20190508-0543
2019-11-01 12:36:16,538 - org.eclipse.ui.intro.quicklinks - 1.0.300.v20180821-0700
2019-11-01 12:36:16,538 - org.eclipse.team.genericeditor.diff.extension - 1.0.300.v20190519-2354
2019-11-01 12:36:16,538 - org.eclipse.urischeme - 1.0.300.v20190514-0858
2019-11-01 12:36:16,539 - org.eclipse.ui.views.log - 1.2.600.v20190519-1034
2019-11-01 12:36:16,563 - org.eclipse.wb.rcp - 1.9.1.201812270937
2019-11-01 12:36:16,564 - org.eclipse.wb.rcp.databinding - 1.9.1.201812270937
2019-11-01 12:36:16,564 - org.eclipse.wb.rcp.databinding.emf - 1.9.1.201812270937
2019-11-01 12:36:16,564 - org.eclipse.wb.rcp.nebula - 1.9.1.201812270937
2019-11-01 12:36:16,564 - org.eclipse.wb.rcp.swing2swt - 1.9.1.201812270937
2019-11-01 12:36:16,565 - org.eclipse.wb.swt.widgets.baseline - 1.9.1.201812270937
2019-11-01 12:36:16,589 - org.eclipse.emf.ecore.edit - 2.12.0.v20190226-1307
2019-11-01 12:36:16,589 - org.eclipse.emf.ecore.change.edit - 2.8.0.v20180706-1146
2019-11-01 12:36:16,592 - org.eclipse.sequoyah.vnc.protocol - 2.1.0.N20120718-0509
2019-11-01 12:36:16,615 - org.eclipse.persistence.antlr - 3.5.2.v201711011707
2019-11-01 12:36:16,616 - org.eclipse.persistence.asm - 6.2.0.v201808041549
2019-11-01 12:36:16,618 - org.eclipse.persistence.core - 2.7.3.v20180807-4be1041
2019-11-01 12:36:16,621 - org.eclipse.persistence.jpa - 2.7.3.v20180807-4be1041
2019-11-01 12:36:16,621 - org.eclipse.jpt.jpa.eclipselink.core - 2.4.101.v201902121834
2019-11-01 12:36:16,621 - org.eclipse.jpt.jpa.eclipselink.ui - 2.4.101.v201902121834
2019-11-01 12:36:16,622 - org.eclipse.jpt.jpa.eclipselink.core.ddlgen - 2.2.201.v201902121834
2019-11-01 12:36:16,622 - org.eclipse.jpt.jpa.eclipselink.branding - 3.4.1.v201902121834
2019-11-01 12:36:16,647 - org.eclipse.emf.mapping.ecore - 2.8.0.v20180706-1146
2019-11-01 12:36:16,647 - org.eclipse.emf.mapping.ecore2ecore - 2.11.0.v20180706-1146
2019-11-01 12:36:16,647 - org.eclipse.emf.mapping.ecore2xml - 2.11.0.v20180706-1146
2019-11-01 12:36:16,669 - org.eclipse.datatools.enablement.ingres - 1.2.101.201811012051
2019-11-01 12:36:16,670 - org.eclipse.datatools.enablement.ingres.dbdefinition - 1.2.101.201811012051
2019-11-01 12:36:16,670 - org.eclipse.datatools.enablement.ingres.ui - 1.2.101.201811012051
2019-11-01 12:36:16,670 - org.eclipse.datatools.enablement.finfo - 1.7.101.201811012051
2019-11-01 12:36:16,673 - org.eclipse.andmore.traceview - 0.5.1.201701251432
2019-11-01 12:36:16,697 - org.eclipse.mylyn.wikitext - 3.0.29.20181217192207
2019-11-01 12:36:16,698 - org.eclipse.mylyn.wikitext.ant - 3.0.29.20181217192207
2019-11-01 12:36:16,699 - org.eclipse.mylyn.wikitext.osgi - 3.0.29.201812180023
2019-11-01 12:36:16,700 - org.eclipse.mylyn.wikitext.asciidoc - 3.0.29.20181217192207
2019-11-01 12:36:16,701 - org.eclipse.mylyn.wikitext.textile - 3.0.29.20181217192207
2019-11-01 12:36:16,702 - org.eclipse.mylyn.wikitext.html - 3.0.29.20181217192207
2019-11-01 12:36:16,702 - org.eclipse.mylyn.wikitext.markdown - 3.0.29.20181217192207
2019-11-01 12:36:16,703 - org.eclipse.mylyn.wikitext.mediawiki - 3.0.29.20181217192207
2019-11-01 12:36:16,704 - org.eclipse.mylyn.wikitext.confluence - 3.0.29.20181217192207
2019-11-01 12:36:16,705 - org.eclipse.mylyn.wikitext.tracwiki - 3.0.29.20181217192207
2019-11-01 12:36:16,706 - org.eclipse.mylyn.wikitext.twiki - 3.0.29.20181217192207
2019-11-01 12:36:16,706 - org.eclipse.mylyn.wikitext.ui - 3.0.29.201812180023
2019-11-01 12:36:16,706 - org.eclipse.mylyn.wikitext.help.ui - 3.0.29.201812180023
2019-11-01 12:36:16,706 - org.eclipse.mylyn.wikitext.asciidoc.ui - 3.0.29.201812180023
2019-11-01 12:36:16,706 - org.eclipse.mylyn.wikitext.textile.ui - 3.0.29.201812180023
2019-11-01 12:36:16,706 - org.eclipse.mylyn.wikitext.markdown.ui - 3.0.29.201812180023
2019-11-01 12:36:16,706 - org.eclipse.mylyn.wikitext.mediawiki.ui - 3.0.29.201812180023
2019-11-01 12:36:16,706 - org.eclipse.mylyn.wikitext.confluence.ui - 3.0.29.201812180023
2019-11-01 12:36:16,706 - org.eclipse.mylyn.wikitext.tracwiki.ui - 3.0.29.201812180023
2019-11-01 12:36:16,706 - org.eclipse.mylyn.wikitext.twiki.ui - 3.0.29.201812180023
2019-11-01 12:36:16,729 - org.eclipse.m2e.logback.configuration - 1.12.0.20190529-1916
2019-11-01 12:36:16,730 - org.eclipse.m2e.logback.appender - 1.12.0.20190529-1916
2019-11-01 12:36:16,757 - org.eclipse.emf.codegen - 2.16.0.v20190418-0907
2019-11-01 12:36:16,788 - org.eclipse.wst.dtd.ui - 1.1.200.v201904272112
2019-11-01 12:36:16,788 - org.eclipse.wst.dtd.ui.infopop - 1.0.400.v201903222120
2019-11-01 12:36:16,788 - org.eclipse.wst.sse.ui.infopop - 1.0.300.v201903222120
2019-11-01 12:36:16,788 - org.eclipse.wst.xml.ui.infopop - 1.0.400.v201903222120
2019-11-01 12:36:16,788 - org.eclipse.wst.sse.ui - 1.6.0.v201905291408
2019-11-01 12:36:16,788 - org.eclipse.wst.xml.ui - 1.2.300.v201904272112
2019-11-01 12:36:16,788 - org.eclipse.wst.xsd.ui - 1.3.300.v201904272112
2019-11-01 12:36:16,812 - org.eclipse.datatools.doc.user - 1.14.101.201811012051
2019-11-01 12:36:16,813 - org.eclipse.datatools.oda.cshelp - 1.3.101.201811012051
2019-11-01 12:36:16,813 - org.eclipse.datatools.help - 1.7.101.201811012051
2019-11-01 12:36:16,839 - org.eclipse.emf - 2.8.0.v20180706-1146
2019-11-01 12:36:16,873 - org.eclipse.epp.package.jee - 4.12.0.20190614-1200
2019-11-01 12:36:16,873 - org.eclipse.wtp.epp.package.jee.intro - 1.3.0.v201902122017
2019-11-01 12:36:16,873 - org.eclipse.wtp.javascript.capabilities - 1.0.200.v201901071922
2019-11-01 12:36:16,873 - org.eclipse.wtp.jee.capabilities - 1.0.100.v201903222024
2019-11-01 12:36:16,873 - org.eclipse.wtp.web.capabilities - 1.0.200.v201901071922
2019-11-01 12:36:16,873 - org.eclipse.wtp.xml.capabilities - 1.0.200.v201901071922
2019-11-01 12:36:16,873 - org.eclipse.wtp.epp.package.capabilities - 1.3.0.v201902122017
2019-11-01 12:36:16,935 - org.eclipse.wb.layout.group - 1.9.1.201812270937
2019-11-01 12:36:17,121 - org.eclipse.wb.xwt - 1.9.1.201812270937
2019-11-01 12:36:17,121 - org.eclipse.wb.rcp.databinding.xwt - 1.9.1.201812270937
2019-11-01 12:36:17,193 - org.eclipse.draw2d - 3.10.100.201606061308
2019-11-01 12:36:17,300 - org.eclipse.eclemma.core - 3.1.2.201903112331
2019-11-01 12:36:17,300 - org.eclipse.eclemma.doc - 3.1.2.201903112331
2019-11-01 12:36:17,300 - org.eclipse.eclemma.ui - 3.1.2.201903112331
2019-11-01 12:36:17,302 - org.jacoco.agent - 0.8.3.v20190219-1601
2019-11-01 12:36:17,303 - org.jacoco.core - 0.8.3.v20190219-1601
2019-11-01 12:36:17,304 - org.jacoco.report - 0.8.3.v20190219-1601
2019-11-01 12:36:17,304 - org.objectweb.asm - 7.1.0.v20190412-2143
2019-11-01 12:36:17,305 - org.objectweb.asm.commons - 7.0.0.v20181030-2244
2019-11-01 12:36:17,306 - org.objectweb.asm.tree - 7.1.0.v20190412-2143
2019-11-01 12:36:17,312 - org.eclipse.andmore.gldebugger - 0.5.1.201701251432
2019-11-01 12:36:17,340 - org.eclipse.epp.mpc.core - 1.7.7.v20190521-1752
2019-11-01 12:36:17,340 - org.eclipse.epp.mpc.core.win32 - 1.7.7.v20190521-1752
2019-11-01 12:36:17,341 - org.eclipse.epp.mpc.ui - 1.7.7.v20190521-1752
2019-11-01 12:36:17,341 - org.eclipse.epp.mpc.ui.css - 1.7.7.v20190521-1752
2019-11-01 12:36:17,341 - org.eclipse.epp.mpc.help.ui - 1.7.7.v20190521-1752
2019-11-01 12:36:17,366 - org.eclipse.cft.server.rse - 1.0.1.v201805291812
2019-11-01 12:36:17,366 - org.eclipse.cft.server.ui - 1.0.110.v201805291812
2019-11-01 12:36:17,366 - org.eclipse.cft.server.verify.ui - 1.0.1.v201805291812
2019-11-01 12:36:17,366 - org.eclipse.cft.server.branding.ui - 1.0.2.v201805291812
2019-11-01 12:36:17,366 - org.eclipse.cft.server.standalone.ui - 1.0.4.v201805291812
2019-11-01 12:36:17,393 - org.eclipse.cdt.gdb - 7.0.1.201811241055
2019-11-01 12:36:17,393 - org.eclipse.cdt.gdb.ui - 7.0.1.201811241055
2019-11-01 12:36:17,422 - org.eclipse.pde - 3.13.600.v20190605-1800
2019-11-01 12:36:17,422 - org.eclipse.pde.build - 3.10.400.v20190320-1020
2019-11-01 12:36:17,422 - org.eclipse.pde.core - 3.13.0.v20190513-1223
2019-11-01 12:36:17,422 - org.eclipse.pde.junit.runtime - 3.5.400.v20190513-1223
2019-11-01 12:36:17,422 - org.eclipse.pde.runtime - 3.6.500.v20190513-1223
2019-11-01 12:36:17,422 - org.eclipse.pde.ui - 3.11.0.v20190520-2013
2019-11-01 12:36:17,422 - org.eclipse.pde.doc.user - 3.14.400.v20190605-0405
2019-11-01 12:36:17,423 - org.eclipse.pde.ui.templates - 3.6.600.v20190513-1223
2019-11-01 12:36:17,423 - org.objectweb.asm - 7.1.0.v20190412-2143
2019-11-01 12:36:17,423 - org.objectweb.asm.tree - 7.1.0.v20190412-2143
2019-11-01 12:36:17,423 - org.eclipse.pde.api.tools - 1.1.800.v20190517-1501
2019-11-01 12:36:17,424 - org.eclipse.pde.api.tools.annotations - 1.1.300.v20190513-1223
2019-11-01 12:36:17,424 - org.eclipse.pde.api.tools.ui - 1.1.700.v20190513-1223
2019-11-01 12:36:17,424 - org.eclipse.pde.ds.core - 1.1.500.v20190513-1223
2019-11-01 12:36:17,424 - org.eclipse.pde.ds.ui - 1.1.600.v20190513-1223
2019-11-01 12:36:17,425 - org.eclipse.pde.launching - 3.7.600.v20190513-1223
2019-11-01 12:36:17,425 - org.eclipse.pde.ua.core - 1.1.300.v20190513-1223
2019-11-01 12:36:17,425 - org.eclipse.pde.ua.ui - 1.1.500.v20190513-1223
2019-11-01 12:36:17,425 - org.eclipse.ui.trace - 1.1.500.v20190513-1223
2019-11-01 12:36:17,425 - org.eclipse.pde.ds.annotations - 1.1.400.v20190514-1319
2019-11-01 12:36:17,425 - org.eclipse.pde.genericeditor.extension - 1.0.500.v20190513-1223
2019-11-01 12:36:17,428 - org.eclipse.pde.ds.lib - 1.1.300.v20190417-0900
2019-11-01 12:36:17,430 - org.eclipse.pde.ds1_2.lib - 1.0.300.v20190417-0900
2019-11-01 12:36:17,430 - org.eclipse.tools.layout.spy - 1.0.300.v20190430-1515
2019-11-01 12:36:17,454 - org.eclipse.datatools.sqltools.parsers.sql.lexer - 1.2.101.201811012051
2019-11-01 12:36:17,454 - org.eclipse.datatools.sqltools.parsers.sql.query - 1.4.101.201811012051
2019-11-01 12:36:17,454 - org.eclipse.datatools.sqltools.parsers.sql.xml.query - 1.2.101.201811012051
2019-11-01 12:36:17,454 - org.eclipse.datatools.sqltools.parsers.sql - 1.2.101.201811012051
2019-11-01 12:36:17,482 - org.eclipse.mylyn.java.ui - 3.24.2.v20180905-0014
2019-11-01 12:36:17,482 - org.eclipse.mylyn.java.tasks - 3.24.2.v20180905-0014
2019-11-01 12:36:17,482 - org.eclipse.mylyn.ide.ui - 3.24.2.v20180905-0014
2019-11-01 12:36:17,482 - org.eclipse.mylyn.ide.ant - 3.24.2.v20180905-0014
2019-11-01 12:36:17,483 - org.eclipse.mylyn.debug.ui - 3.24.2.v20180905-0014
2019-11-01 12:36:17,531 - org.eclipse.m2e.wtp.jaxrs - 1.4.2.20190530-0057
2019-11-01 12:36:17,560 - org.eclipse.datatools.sqltools.sql - 1.2.101.201811012051
2019-11-01 12:36:17,560 - org.eclipse.datatools.sqltools.common.ui - 1.2.101.201811012051
2019-11-01 12:36:17,560 - org.eclipse.datatools.sqltools.plan - 1.2.101.201811012051
2019-11-01 12:36:17,560 - org.eclipse.datatools.sqltools.editor.core - 1.2.101.201811012051
2019-11-01 12:36:17,560 - org.eclipse.datatools.sqltools.sqleditor - 1.2.101.201811012051
2019-11-01 12:36:17,560 - org.eclipse.datatools.sqltools.ddlgen.ui - 1.2.101.201811012051
2019-11-01 12:36:17,560 - org.eclipse.datatools.connectivity.db.generic - 1.2.101.201811012051
2019-11-01 12:36:17,560 - org.eclipse.datatools.sqltools.editor.core.ui - 1.2.101.201811012051
2019-11-01 12:36:17,560 - org.eclipse.datatools.sqltools.sql.ui - 1.2.101.201811012051
2019-11-01 12:36:17,602 - org.eclipse.jgit.ssh.apache - 5.4.0.201906121030-r
2019-11-01 12:36:17,604 - org.apache.sshd.osgi - 2.2.0.v20190425-2127
2019-11-01 12:36:17,605 - org.apache.sshd.sftp - 2.2.0.v20190425-2127
2019-11-01 12:36:17,606 - net.i2p.crypto.eddsa - 0.3.0.v20181102-1323
2019-11-01 12:36:17,631 - org.eclipse.mylyn.commons.repositories.core - 1.16.0.v20180904-2231
2019-11-01 12:36:17,632 - org.eclipse.mylyn.commons.repositories.ui - 1.16.0.v20180904-2231
2019-11-01 12:36:17,635 - org.eclipse.andmore.android.common - 0.5.1.201701251432
2019-11-01 12:36:17,635 - org.eclipse.andmore.android.codeutils - 0.5.1.201701251432
2019-11-01 12:36:17,635 - org.eclipse.andmore.android.translation - 0.5.1.201701251432
2019-11-01 12:36:17,635 - org.eclipse.andmore.android.codesnippets - 0.5.1.201701251432
2019-11-01 12:36:17,635 - org.eclipse.andmore.android.db.core - 0.5.1.201701251432
2019-11-01 12:36:17,635 - org.eclipse.andmore.android.logger - 0.5.1.201701251432
2019-11-01 12:36:17,635 - org.eclipse.andmore.android - 0.5.1.201701251432
2019-11-01 12:36:17,635 - org.eclipse.andmore.android.emulator - 0.5.1.201701251432
2019-11-01 12:36:17,635 - org.eclipse.andmore.android.launch - 0.5.1.201701251432
2019-11-01 12:36:17,635 - org.eclipse.andmore.android.packaging.ui - 0.5.1.201701251432
2019-11-01 12:36:17,635 - org.eclipse.andmore.android.handset - 0.5.1.201701251432
2019-11-01 12:36:17,635 - org.eclipse.andmore.android.remote - 0.5.1.201701251432
2019-11-01 12:36:17,635 - org.eclipse.andmore.android.win32.x86_64 - 0.5.1.201701251432
2019-11-01 12:36:17,635 - org.eclipse.andmore.android.mat - 0.5.1.201701251432
2019-11-01 12:36:17,635 - org.eclipse.andmore.android.devices.services - 0.5.1.201701251432
2019-11-01 12:36:17,635 - org.eclipse.andmore.android.db.devices - 0.5.1.201701251432
2019-11-01 12:36:17,635 - org.eclipse.andmore.android.installer - 0.5.1.201701251432
2019-11-01 12:36:17,635 - org.eclipse.andmore.android.logger.collector - 0.5.1.201701251432
2019-11-01 12:36:17,660 - org.eclipse.mylyn.monitor.core - 3.24.2.v20180904-2231
2019-11-01 12:36:17,660 - org.eclipse.mylyn.monitor.ui - 3.24.2.v20180904-2231
2019-11-01 12:36:17,684 - org.eclipse.tm.terminal.control - 4.5.100.201901312304
2019-11-01 12:36:17,712 - org.eclipse.wb.rcp.SWT_AWT - 1.9.1.201812270937
2019-11-01 12:36:17,714 - org.eclipse.sequoyah.vnc.vncviewer - 2.1.0.N20120718-0509
2019-11-01 12:36:17,769 - org.eclipse.emf.codegen.ecore.ui - 2.18.0.v20190323-1031
2019-11-01 12:36:17,821 - org.sonatype.m2e.mavenarchiver - 0.17.4.201905300046
2019-11-01 12:36:17,848 - org.eclipse.emf.ecore.editor - 2.17.0.v20190528-0725
2019-11-01 12:36:17,878 - org.eclipse.mylyn.context.core - 3.24.2.v20180905-0014
2019-11-01 12:36:17,879 - org.eclipse.mylyn.context.ui - 3.24.2.v20180905-0014
2019-11-01 12:36:17,879 - org.eclipse.mylyn.resources.ui - 3.24.2.v20180905-0014
2019-11-01 12:36:17,879 - org.eclipse.mylyn.context.tasks.ui - 3.24.2.v20180905-0014
2019-11-01 12:36:17,905 - org.eclipse.datatools.enablement.oracle.dbdefinition - 1.2.101.201811012051
2019-11-01 12:36:17,905 - org.eclipse.datatools.enablement.oracle - 1.2.101.201811012051
2019-11-01 12:36:17,905 - org.eclipse.datatools.enablement.oracle.ui - 1.2.101.201811012051
2019-11-01 12:36:17,905 - org.eclipse.datatools.enablement.finfo - 1.7.101.201811012051
2019-11-01 12:36:17,930 - org.eclipse.emf.databinding - 1.5.0.v20180706-1146
2019-11-01 12:36:17,952 - org.eclipse.wb.swing - 1.9.1.201812270937
2019-11-01 12:36:17,959 - org.eclipse.wb.swing.FormLayout.lib - 1.9.1.201812270937
2019-11-01 12:36:17,959 - org.eclipse.wb.swing.FormLayout - 1.9.1.201812270937
2019-11-01 12:36:17,963 - org.eclipse.wb.swing.MigLayout.lib - 1.9.1.201812270937
2019-11-01 12:36:17,963 - org.eclipse.wb.swing.MigLayout - 1.9.1.201812270937
2019-11-01 12:36:17,963 - org.eclipse.wb.swing.databinding - 1.9.1.201812270937
2019-11-01 12:36:17,963 - org.eclipse.wb.swing.jsr296 - 1.9.1.201812270937
2019-11-01 12:36:17,963 - org.eclipse.wb.swing.java6 - 1.9.1.201812270937
2019-11-01 12:36:17,984 - org.eclipse.datatools.enablement.sap.maxdb.dbdefinition - 1.2.101.201811012051
2019-11-01 12:36:17,984 - org.eclipse.datatools.enablement.sap.maxdb - 1.2.101.201811012051
2019-11-01 12:36:17,984 - org.eclipse.datatools.enablement.sap.maxdb.ui - 1.2.101.201811012051
2019-11-01 12:36:17,984 - org.eclipse.datatools.enablement.finfo - 1.7.101.201811012051
2019-11-01 12:36:18,010 - org.eclipse.wst.xml.xpath2.processor - 2.1.101.v201903222120
2019-11-01 12:36:18,011 - org.eclipse.wst.xml.xpath2.wtptypes - 2.0.0.v201901071922
2019-11-01 12:36:18,011 - org.eclipse.wst.xml.xpath2 - 1.1.0.v201901071922
2019-11-01 12:36:18,011 - org.eclipse.wst.xml.xpath2.processor.doc.user - 2.1.0.v201901071922
2019-11-01 12:36:18,034 - org.eclipse.oomph.setup - 1.14.0.v20190704-1252
2019-11-01 12:36:18,034 - org.eclipse.oomph.setup.edit - 1.14.0.v20190704-1252
2019-11-01 12:36:18,034 - org.eclipse.oomph.setup.core - 1.14.0.v20190705-1542
2019-11-01 12:36:18,034 - org.eclipse.oomph.setup.sync - 1.10.0.v20180706-1242
2019-11-01 12:36:18,034 - org.eclipse.oomph.setup.p2 - 1.12.0.v20190704-1252
2019-11-01 12:36:18,034 - org.eclipse.oomph.setup.p2.edit - 1.11.0.v20190702-1454
2019-11-01 12:36:18,034 - org.eclipse.oomph.preferences - 1.10.0.v20180706-1242
2019-11-01 12:36:18,035 - org.eclipse.oomph.jreinfo - 1.11.0.v20190523-0419
2019-11-01 12:36:18,035 - org.eclipse.oomph.jreinfo.win32.x86_64 - 1.5.0.v20190410-0601
2019-11-01 12:36:18,036 - org.eclipse.oomph.extractor.lib - 1.6.0.v20190410-0601
