2019-11-01 12:36:18,036 [Worker-6: Executing the early startup extensions] DEBUG class java.lang.Class - Starting Andmore Common Plugin...
2019-11-01 12:36:18,036 [Worker-6: Executing the early startup extensions] DEBUG class java.lang.Class - Andmore Common Plugin started.
2019-11-01 12:36:18,036 [Worker-6: Executing the early startup extensions] DEBUG class java.lang.Class - Starting Andmore Plugin...
2019-11-01 12:36:18,040 [Worker-6: Executing the early startup extensions] DEBUG class java.lang.Class - Andmore Plugin started.
2019-11-01 12:36:18,061 [Worker-6: Executing the early startup extensions] DEBUG class java.lang.Class - Starting Andmore Emulator Plugin...
2019-11-01 12:36:18,081 [Worker-6: Executing the early startup extensions] DEBUG class java.lang.Class - Andmore Emulator Plugin started.
2019-11-01 12:36:18,111 [Worker-6: Executing the early startup extensions] DEBUG class java.lang.Class - Starting Andmore Device Services Plugin...
2019-11-01 12:36:18,111 [Worker-6: Executing the early startup extensions] DEBUG class java.lang.Class - Andmore Device Services Plugin started.
2019-11-01 12:36:18,127 [Worker-6: Executing the early startup extensions] DEBUG class java.lang.Class - Starting Andmore Handset Plugin...
2019-11-01 12:36:18,127 [Worker-6: Executing the early startup extensions] DEBUG class java.lang.Class - Andmore Handset Plugin started.
2019-11-01 12:36:18,136 [Worker-6: Executing the early startup extensions] DEBUG class java.lang.Class - Starting Andmore Remote Device Plugin...
2019-11-01 12:36:18,137 [Worker-6: Executing the early startup extensions] DEBUG class java.lang.Class - Starting Andmore Remote Device Plugin started.
2019-11-01 12:36:18,156 [Worker-6: Executing the early startup extensions] ERROR Studio for Android - Handler could not be instanced(PLUGIN=org.eclipse.sequoyah.device.framework;ERROR=202)
2019-11-01 12:36:18,156 [Worker-6: Executing the early startup extensions] ERROR Studio for Android - Handler could not be instanced(PLUGIN=org.eclipse.sequoyah.device.framework;ERROR=202)
2019-11-01 12:36:18,156 [Worker-6: Executing the early startup extensions] ERROR Studio for Android - Handler could not be instanced(PLUGIN=org.eclipse.sequoyah.device.framework;ERROR=202)
2019-11-01 12:36:18,156 [Worker-6: Executing the early startup extensions] ERROR Studio for Android - Handler could not be instanced(PLUGIN=org.eclipse.sequoyah.device.framework;ERROR=202)
2019-11-01 12:36:18,156 [Worker-6: Executing the early startup extensions] ERROR Studio for Android - Handler could not be instanced(PLUGIN=org.eclipse.sequoyah.device.framework;ERROR=202)
2019-11-01 12:36:18,156 [Worker-6: Executing the early startup extensions] ERROR Studio for Android - Handler could not be instanced(PLUGIN=org.eclipse.sequoyah.device.framework;ERROR=202)
2019-11-01 12:36:18,156 [Worker-6: Executing the early startup extensions] ERROR Studio for Android - Handler could not be instanced(PLUGIN=org.eclipse.sequoyah.device.framework;ERROR=202)
2019-11-01 12:36:18,156 [Worker-6: Executing the early startup extensions] ERROR Studio for Android - Handler could not be instanced(PLUGIN=org.eclipse.sequoyah.device.framework;ERROR=202)
2019-11-01 12:36:18,157 [Worker-6: Executing the early startup extensions] ERROR Studio for Android - Handler could not be instanced(PLUGIN=org.eclipse.sequoyah.device.framework;ERROR=202)
2019-11-01 12:36:18,157 [Worker-6: Executing the early startup extensions] ERROR Studio for Android - Handler could not be instanced(PLUGIN=org.eclipse.sequoyah.device.framework;ERROR=202)
2019-11-01 12:36:18,157 [Worker-6: Executing the early startup extensions] ERROR Studio for Android - Handler could not be instanced(PLUGIN=org.eclipse.sequoyah.device.framework;ERROR=202)
2019-11-01 12:36:18,157 [Worker-6: Executing the early startup extensions] ERROR Studio for Android - Handler could not be instanced(PLUGIN=org.eclipse.sequoyah.device.framework;ERROR=202)
2019-11-01 12:36:18,157 [Worker-6: Executing the early startup extensions] ERROR Studio for Android - Handler could not be instanced(PLUGIN=org.eclipse.sequoyah.device.framework;ERROR=202)
2019-11-01 12:36:18,157 [Worker-6: Executing the early startup extensions] ERROR Studio for Android - Handler could not be instanced(PLUGIN=org.eclipse.sequoyah.device.framework;ERROR=202)
2019-11-01 12:36:18,157 [Worker-6: Executing the early startup extensions] ERROR Studio for Android - Handler could not be instanced(PLUGIN=org.eclipse.sequoyah.device.framework;ERROR=202)
2019-11-01 12:36:18,159 [Worker-6: Executing the early startup extensions] ERROR Studio for Android - Handler could not be instanced(PLUGIN=org.eclipse.sequoyah.device.framework;ERROR=202)
2019-11-01 12:36:18,160 [Worker-6: Executing the early startup extensions] ERROR Studio for Android - Handler could not be instanced(PLUGIN=org.eclipse.sequoyah.device.framework;ERROR=202)
2019-11-01 12:36:18,160 [Worker-6: Executing the early startup extensions] ERROR Studio for Android - Handler could not be instanced(PLUGIN=org.eclipse.sequoyah.device.framework;ERROR=202)
2019-11-01 12:36:18,160 [Worker-6: Executing the early startup extensions] ERROR Studio for Android - Handler could not be instanced(PLUGIN=org.eclipse.sequoyah.device.framework;ERROR=202)
2019-11-01 12:36:18,160 [Worker-6: Executing the early startup extensions] ERROR Studio for Android - Handler could not be instanced(PLUGIN=org.eclipse.sequoyah.device.framework;ERROR=202)
2019-11-01 12:36:18,160 [Worker-6: Executing the early startup extensions] ERROR Studio for Android - Handler could not be instanced(PLUGIN=org.eclipse.sequoyah.device.framework;ERROR=202)
2019-11-01 12:36:18,160 [Worker-6: Executing the early startup extensions] ERROR Studio for Android - Handler could not be instanced(PLUGIN=org.eclipse.sequoyah.device.framework;ERROR=202)
2019-11-01 12:36:18,160 [Worker-6: Executing the early startup extensions] ERROR Studio for Android - Handler could not be instanced(PLUGIN=org.eclipse.sequoyah.device.framework;ERROR=202)
2019-11-01 12:36:18,160 [Worker-6: Executing the early startup extensions] ERROR Studio for Android - Handler could not be instanced(PLUGIN=org.eclipse.sequoyah.device.framework;ERROR=202)
2019-11-01 12:36:18,160 [Worker-6: Executing the early startup extensions] ERROR Studio for Android - Handler could not be instanced(PLUGIN=org.eclipse.sequoyah.device.framework;ERROR=202)
2019-11-01 12:36:18,161 [Worker-6: Executing the early startup extensions] ERROR Studio for Android - Handler could not be instanced(PLUGIN=org.eclipse.sequoyah.device.framework;ERROR=202)
2019-11-01 12:36:18,175 [Worker-6: Executing the early startup extensions] ERROR Studio for Android - Handler could not be instanced(PLUGIN=org.eclipse.sequoyah.device.framework;ERROR=202)
2019-11-01 12:36:18,175 [Worker-6: Executing the early startup extensions] ERROR Studio for Android - Handler could not be instanced(PLUGIN=org.eclipse.sequoyah.device.framework;ERROR=202)
2019-11-01 12:36:18,175 [Worker-6: Executing the early startup extensions] ERROR Studio for Android - Handler could not be instanced(PLUGIN=org.eclipse.sequoyah.device.framework;ERROR=202)
2019-11-01 12:36:18,175 [Worker-6: Executing the early startup extensions] ERROR Studio for Android - Handler could not be instanced(PLUGIN=org.eclipse.sequoyah.device.framework;ERROR=202)
2019-11-01 12:36:18,175 [Worker-6: Executing the early startup extensions] INFO  Studio for Android - [Status: id=org.eclipse.andmore.android.emulator.status.offline;name=Offline]
2019-11-01 12:36:18,176 [Worker-6: Executing the early startup extensions] INFO  Studio for Android - [Status: id=org.eclipse.andmore.android.handset.status.handsetonline;name=Online]
2019-11-01 12:36:18,176 [Worker-6: Executing the early startup extensions] INFO  Studio for Android - [Status: id=INACTIVE;name=INACTIVE]
2019-11-01 12:36:18,176 [Worker-6: Executing the early startup extensions] INFO  Studio for Android - [Status: id=org.eclipse.andmore.android.emulator.status.notavailable;name=Not available]
2019-11-01 12:36:18,176 [Worker-6: Executing the early startup extensions] INFO  Studio for Android - [Status: id=IDLE;name=IDLE]
2019-11-01 12:36:18,239 [Worker-6: Executing the early startup extensions] INFO  Studio for Android - [Status: id=org.eclipse.andmore.android.remote.status.connected;name=Connected]
2019-11-01 12:36:18,239 [Worker-6: Executing the early startup extensions] INFO  Studio for Android - [Status: id=org.eclipse.andmore.android.remote.status.disconnected;name=Disconnected]
2019-11-01 12:36:18,239 [Worker-6: Executing the early startup extensions] INFO  Studio for Android - [Status: id=org.eclipse.andmore.android.emulator.status.online;name=Online]
2019-11-01 12:36:18,239 [Worker-6: Executing the early startup extensions] INFO  Studio for Android - [Status: id=OFF;name=OFF]
2019-11-01 12:36:18,239 [Worker-6: Executing the early startup extensions] INFO  Studio for Android - [Status: id=org.eclipse.andmore.android.emulator.status.offlineNoData;name=Offline (no user data)]
2019-11-01 12:44:58,761 [main] DEBUG class java.lang.Class - Starting Eclipse Andmore Database Core Plugin...
2019-11-01 12:44:58,872 [main] DEBUG Studio for Android - JDBC Driver Location:bundleentry://1045.fwk595759572/res/androidjdbc.jar JDBC Driver getBundle().getLocation():reference:file:/C:/Users/xotjd/.p2/pool/plugins/org.eclipse.andmore.android.common_0.5.1.201701251432.jar
2019-11-01 12:44:58,920 [main] DEBUG Studio for Android - JDBC Driver Path:C:\Users\xotjd\eclipse\jee-2019-06\eclipse\configuration\org.eclipse.osgi\1045\0\.cp\res\androidjdbc.jar
2019-11-01 12:44:58,920 [main] DEBUG Studio for Android - JDBC Driver Location:bundleentry://1045.fwk595759572/res/androidjdbc.jar JDBC Driver getBundle().getLocation():reference:file:/C:/Users/xotjd/.p2/pool/plugins/org.eclipse.andmore.android.common_0.5.1.201701251432.jar
2019-11-01 12:44:58,923 [main] DEBUG Studio for Android - JDBC Driver Path:C:\Users\xotjd\eclipse\jee-2019-06\eclipse\configuration\org.eclipse.osgi\1045\0\.cp\res\androidjdbc.jar
2019-11-01 12:44:58,942 [main] INFO  Studio for Android - Created a JDBC driver instance at Data Tools.
2019-11-01 12:44:58,953 [main] DEBUG class java.lang.Class - Eclipse Andmore Database Core Plugin started.
2019-11-01 12:44:58,953 [main] DEBUG class java.lang.Class - Starting Eclipse Andmore Database Devices Support Plugin...
2019-11-01 12:44:58,956 [main] DEBUG class java.lang.Class - Eclipse Andmore Database Devices Support Plugin started...
2019-11-01 12:45:00,028 [Framework stop] DEBUG Studio for Android - org.eclipse.sequoyah.device.service.start.StartServicePlugin-SHUTDOWN
2019-11-01 12:45:00,596 [Framework stop] DEBUG Studio for Android - org.eclipse.sequoyah.device.framework.ui.DeviceUIPlugin-SHUTDOWN
2019-11-01 12:45:00,596 [Framework stop] DEBUG Studio for Android - org.eclipse.sequoyah.device.service.stop.StopServicePlugin-SHUTDOWN
2019-11-01 12:45:00,596 [Framework stop] DEBUG Studio for Android - org.eclipse.sequoyah.device.framework.DevicePlugin-SHUTDOWN
